<?xml version="1.0" encoding="UTF-8"?>
<!-- Generated by org.testng.reporters.JUnitReportReporter -->
<testsuite skipped="0" hostname="DESKTOP-UFF3PBV" name="com.proj.demo.AppTest" tests="3" failures="0" timestamp="01 Nov 2018 09:02:02 GMT" time="20.805" errors="0">
  <testcase name="Step01" time="16.002" classname="com.proj.demo.AppTest"/>
  <testcase name="Step02" time="4.799" classname="com.proj.demo.AppTest"/>
  <testcase name="Step03" time="0.004" classname="com.proj.demo.AppTest"/>
</testsuite> <!-- com.proj.demo.AppTest -->
